Action.c(25): Continuing after Error -26366: "Text=Password:" not found for web_reg_find  	[MsgId: MERR-26366]
Action.c(53): Continuing after Error -35048: No match found for the requested parameter "SESSIONID". Check whether the tag with specific attributes exists in the response data  	[MsgId: MERR-35048]
Action.c(53): Continuing after Error -26366: "Text=welcome to your personal booking area" not found for web_reg_find  	[MsgId: MERR-26366]
Action.c(67): Continuing after Error -26366: "Text=Find Flight(s)" not found for web_reg_find  	[MsgId: MERR-26366]
Action.c(85): Continuing after Error -26366: "Text=Find Flight Time" not found for web_reg_find  	[MsgId: MERR-26366]
Action.c(112): Continuing after Error -26366: "Text=Payment Details" not found for web_reg_find  	[MsgId: MERR-26366]
Action.c(128): Continuing after Error -26366: "Text=Invoice" not found for web_reg_find  	[MsgId: MERR-26366]
Action.c(143): Continuing after Error -26366: "Text=Itinerary" not found for web_reg_find  	[MsgId: MERR-26366]
Action.c(161): Continuing after Error -26366: "Text=Number of Flight Bookings: 0" not found for web_reg_find  	[MsgId: MERR-26366]
Action.c(25): Continuing after Error -26366: "Text=Password:" not found for web_reg_find  	[MsgId: MERR-26366]
Action.c(53): Continuing after Error -35048: No match found for the requested parameter "SESSIONID". Check whether the tag with specific attributes exists in the response data  	[MsgId: MERR-35048]
Action.c(53): Continuing after Error -26366: "Text=welcome to your personal booking area" not found for web_reg_find  	[MsgId: MERR-26366]
Action.c(67): Continuing after Error -26366: "Text=Find Flight(s)" not found for web_reg_find  	[MsgId: MERR-26366]
Action.c(85): Continuing after Error -26366: "Text=Find Flight Time" not found for web_reg_find  	[MsgId: MERR-26366]
Action.c(112): Continuing after Error -26366: "Text=Payment Details" not found for web_reg_find  	[MsgId: MERR-26366]
Action.c(128): Continuing after Error -26366: "Text=Invoice" not found for web_reg_find  	[MsgId: MERR-26366]
Action.c(143): Continuing after Error -26366: "Text=Itinerary" not found for web_reg_find  	[MsgId: MERR-26366]
Action.c(161): Continuing after Error -26366: "Text=Number of Flight Bookings: 0" not found for web_reg_find  	[MsgId: MERR-26366]
Action.c(25): Continuing after Error -26366: "Text=Password:" not found for web_reg_find  	[MsgId: MERR-26366]
Action.c(53): Continuing after Error -35048: No match found for the requested parameter "SESSIONID". Check whether the tag with specific attributes exists in the response data  	[MsgId: MERR-35048]
Action.c(53): Continuing after Error -26366: "Text=welcome to your personal booking area" not found for web_reg_find  	[MsgId: MERR-26366]
Action.c(67): Continuing after Error -26366: "Text=Find Flight(s)" not found for web_reg_find  	[MsgId: MERR-26366]
Action.c(85): Continuing after Error -26366: "Text=Find Flight Time" not found for web_reg_find  	[MsgId: MERR-26366]
Action.c(112): Continuing after Error -26366: "Text=Payment Details" not found for web_reg_find  	[MsgId: MERR-26366]
Action.c(128): Continuing after Error -26366: "Text=Invoice" not found for web_reg_find  	[MsgId: MERR-26366]
Action.c(143): Continuing after Error -26366: "Text=Itinerary" not found for web_reg_find  	[MsgId: MERR-26366]
Action.c(161): Continuing after Error -26366: "Text=Number of Flight Bookings: 0" not found for web_reg_find  	[MsgId: MERR-26366]
Action.c(25): Continuing after Error -26366: "Text=Password:" not found for web_reg_find  	[MsgId: MERR-26366]
Action.c(53): Continuing after Error -35048: No match found for the requested parameter "SESSIONID". Check whether the tag with specific attributes exists in the response data  	[MsgId: MERR-35048]
Action.c(53): Continuing after Error -26366: "Text=welcome to your personal booking area" not found for web_reg_find  	[MsgId: MERR-26366]
Action.c(67): Continuing after Error -26366: "Text=Find Flight(s)" not found for web_reg_find  	[MsgId: MERR-26366]
Action.c(85): Continuing after Error -26366: "Text=Find Flight Time" not found for web_reg_find  	[MsgId: MERR-26366]
Action.c(112): Continuing after Error -26366: "Text=Payment Details" not found for web_reg_find  	[MsgId: MERR-26366]
Action.c(128): Continuing after Error -26366: "Text=Invoice" not found for web_reg_find  	[MsgId: MERR-26366]
Action.c(143): Continuing after Error -26366: "Text=Itinerary" not found for web_reg_find  	[MsgId: MERR-26366]
Action.c(161): Continuing after Error -26366: "Text=Number of Flight Bookings: 0" not found for web_reg_find  	[MsgId: MERR-26366]
Action.c(25): Continuing after Error -26366: "Text=Password:" not found for web_reg_find  	[MsgId: MERR-26366]
Action.c(53): Continuing after Error -35048: No match found for the requested parameter "SESSIONID". Check whether the tag with specific attributes exists in the response data  	[MsgId: MERR-35048]
Action.c(53): Continuing after Error -26366: "Text=welcome to your personal booking area" not found for web_reg_find  	[MsgId: MERR-26366]
Action.c(67): Continuing after Error -26366: "Text=Find Flight(s)" not found for web_reg_find  	[MsgId: MERR-26366]
Action.c(85): Continuing after Error -26366: "Text=Find Flight Time" not found for web_reg_find  	[MsgId: MERR-26366]
Action.c(112): Continuing after Error -26366: "Text=Payment Details" not found for web_reg_find  	[MsgId: MERR-26366]
Action.c(128): Continuing after Error -26366: "Text=Invoice" not found for web_reg_find  	[MsgId: MERR-26366]
Action.c(143): Continuing after Error -26366: "Text=Itinerary" not found for web_reg_find  	[MsgId: MERR-26366]
Action.c(161): Continuing after Error -26366: "Text=Number of Flight Bookings: 0" not found for web_reg_find  	[MsgId: MERR-26366]
Action.c(25): Continuing after Error -26366: "Text=Password:" not found for web_reg_find  	[MsgId: MERR-26366]
Action.c(53): Continuing after Error -35048: No match found for the requested parameter "SESSIONID". Check whether the tag with specific attributes exists in the response data  	[MsgId: MERR-35048]
Action.c(53): Continuing after Error -26366: "Text=welcome to your personal booking area" not found for web_reg_find  	[MsgId: MERR-26366]
Action.c(67): Continuing after Error -26366: "Text=Find Flight(s)" not found for web_reg_find  	[MsgId: MERR-26366]
Action.c(85): Continuing after Error -26366: "Text=Find Flight Time" not found for web_reg_find  	[MsgId: MERR-26366]
Action.c(112): Continuing after Error -26366: "Text=Payment Details" not found for web_reg_find  	[MsgId: MERR-26366]
Action.c(128): Continuing after Error -26366: "Text=Invoice" not found for web_reg_find  	[MsgId: MERR-26366]
Action.c(143): Continuing after Error -26366: "Text=Itinerary" not found for web_reg_find  	[MsgId: MERR-26366]
Action.c(161): Continuing after Error -26366: "Text=Number of Flight Bookings: 0" not found for web_reg_find  	[MsgId: MERR-26366]
Action.c(25): Continuing after Error -26366: "Text=Password:" not found for web_reg_find  	[MsgId: MERR-26366]
Action.c(53): Continuing after Error -35048: No match found for the requested parameter "SESSIONID". Check whether the tag with specific attributes exists in the response data  	[MsgId: MERR-35048]
Action.c(53): Continuing after Error -26366: "Text=welcome to your personal booking area" not found for web_reg_find  	[MsgId: MERR-26366]
Action.c(67): Continuing after Error -26366: "Text=Find Flight(s)" not found for web_reg_find  	[MsgId: MERR-26366]
Action.c(85): Continuing after Error -26366: "Text=Find Flight Time" not found for web_reg_find  	[MsgId: MERR-26366]
Action.c(112): Continuing after Error -26366: "Text=Payment Details" not found for web_reg_find  	[MsgId: MERR-26366]
Action.c(128): Continuing after Error -26366: "Text=Invoice" not found for web_reg_find  	[MsgId: MERR-26366]
Action.c(143): Continuing after Error -26366: "Text=Itinerary" not found for web_reg_find  	[MsgId: MERR-26366]
Action.c(161): Continuing after Error -26366: "Text=Number of Flight Bookings: 0" not found for web_reg_find  	[MsgId: MERR-26366]
Action.c(25): Continuing after Error -26366: "Text=Password:" not found for web_reg_find  	[MsgId: MERR-26366]
Action.c(53): Continuing after Error -35048: No match found for the requested parameter "SESSIONID". Check whether the tag with specific attributes exists in the response data  	[MsgId: MERR-35048]
Action.c(53): Continuing after Error -26366: "Text=welcome to your personal booking area" not found for web_reg_find  	[MsgId: MERR-26366]
Action.c(67): Continuing after Error -26366: "Text=Find Flight(s)" not found for web_reg_find  	[MsgId: MERR-26366]
Action.c(85): Continuing after Error -26366: "Text=Find Flight Time" not found for web_reg_find  	[MsgId: MERR-26366]
Action.c(112): Continuing after Error -26366: "Text=Payment Details" not found for web_reg_find  	[MsgId: MERR-26366]
Action.c(128): Continuing after Error -26366: "Text=Invoice" not found for web_reg_find  	[MsgId: MERR-26366]
Action.c(143): Continuing after Error -26366: "Text=Itinerary" not found for web_reg_find  	[MsgId: MERR-26366]
Action.c(161): Continuing after Error -26366: "Text=Number of Flight Bookings: 0" not found for web_reg_find  	[MsgId: MERR-26366]
Action.c(25): Continuing after Error -26366: "Text=Password:" not found for web_reg_find  	[MsgId: MERR-26366]
Action.c(53): Continuing after Error -35048: No match found for the requested parameter "SESSIONID". Check whether the tag with specific attributes exists in the response data  	[MsgId: MERR-35048]
Action.c(53): Continuing after Error -26366: "Text=welcome to your personal booking area" not found for web_reg_find  	[MsgId: MERR-26366]
Action.c(67): Continuing after Error -26366: "Text=Find Flight(s)" not found for web_reg_find  	[MsgId: MERR-26366]
Action.c(85): Continuing after Error -26366: "Text=Find Flight Time" not found for web_reg_find  	[MsgId: MERR-26366]
Action.c(112): Continuing after Error -26366: "Text=Payment Details" not found for web_reg_find  	[MsgId: MERR-26366]
Action.c(128): Continuing after Error -26366: "Text=Invoice" not found for web_reg_find  	[MsgId: MERR-26366]
Action.c(143): Continuing after Error -26366: "Text=Itinerary" not found for web_reg_find  	[MsgId: MERR-26366]
Action.c(161): Continuing after Error -26366: "Text=Number of Flight Bookings: 0" not found for web_reg_find  	[MsgId: MERR-26366]
Action.c(25): Continuing after Error -26366: "Text=Password:" not found for web_reg_find  	[MsgId: MERR-26366]
Action.c(53): Continuing after Error -35048: No match found for the requested parameter "SESSIONID". Check whether the tag with specific attributes exists in the response data  	[MsgId: MERR-35048]
Action.c(53): Continuing after Error -26366: "Text=welcome to your personal booking area" not found for web_reg_find  	[MsgId: MERR-26366]
Action.c(67): Continuing after Error -26366: "Text=Find Flight(s)" not found for web_reg_find  	[MsgId: MERR-26366]
Action.c(85): Continuing after Error -26366: "Text=Find Flight Time" not found for web_reg_find  	[MsgId: MERR-26366]
Action.c(112): Continuing after Error -26366: "Text=Payment Details" not found for web_reg_find  	[MsgId: MERR-26366]
Action.c(128): Continuing after Error -26366: "Text=Invoice" not found for web_reg_find  	[MsgId: MERR-26366]
Action.c(143): Continuing after Error -26366: "Text=Itinerary" not found for web_reg_find  	[MsgId: MERR-26366]
Action.c(161): Continuing after Error -26366: "Text=Number of Flight Bookings: 0" not found for web_reg_find  	[MsgId: MERR-26366]
Action.c(25): Continuing after Error -26366: "Text=Password:" not found for web_reg_find  	[MsgId: MERR-26366]
Action.c(53): Continuing after Error -35048: No match found for the requested parameter "SESSIONID". Check whether the tag with specific attributes exists in the response data  	[MsgId: MERR-35048]
Action.c(53): Continuing after Error -26366: "Text=welcome to your personal booking area" not found for web_reg_find  	[MsgId: MERR-26366]
Action.c(67): Continuing after Error -26366: "Text=Find Flight(s)" not found for web_reg_find  	[MsgId: MERR-26366]
Action.c(85): Continuing after Error -26366: "Text=Find Flight Time" not found for web_reg_find  	[MsgId: MERR-26366]
Action.c(112): Continuing after Error -26366: "Text=Payment Details" not found for web_reg_find  	[MsgId: MERR-26366]
Action.c(128): Continuing after Error -26366: "Text=Invoice" not found for web_reg_find  	[MsgId: MERR-26366]
Action.c(143): Continuing after Error -26366: "Text=Itinerary" not found for web_reg_find  	[MsgId: MERR-26366]
Action.c(161): Continuing after Error -26366: "Text=Number of Flight Bookings: 0" not found for web_reg_find  	[MsgId: MERR-26366]
Action.c(25): Continuing after Error -26366: "Text=Password:" not found for web_reg_find  	[MsgId: MERR-26366]
Action.c(53): Continuing after Error -35048: No match found for the requested parameter "SESSIONID". Check whether the tag with specific attributes exists in the response data  	[MsgId: MERR-35048]
Action.c(53): Continuing after Error -26366: "Text=welcome to your personal booking area" not found for web_reg_find  	[MsgId: MERR-26366]
Action.c(67): Continuing after Error -26366: "Text=Find Flight(s)" not found for web_reg_find  	[MsgId: MERR-26366]
Action.c(85): Continuing after Error -26366: "Text=Find Flight Time" not found for web_reg_find  	[MsgId: MERR-26366]
Action.c(112): Continuing after Error -26366: "Text=Payment Details" not found for web_reg_find  	[MsgId: MERR-26366]
Action.c(128): Continuing after Error -26366: "Text=Invoice" not found for web_reg_find  	[MsgId: MERR-26366]
Action.c(143): Continuing after Error -26366: "Text=Itinerary" not found for web_reg_find  	[MsgId: MERR-26366]
Action.c(161): Continuing after Error -26366: "Text=Number of Flight Bookings: 0" not found for web_reg_find  	[MsgId: MERR-26366]
Action.c(25): Continuing after Error -26366: "Text=Password:" not found for web_reg_find  	[MsgId: MERR-26366]
Action.c(53): Continuing after Error -35048: No match found for the requested parameter "SESSIONID". Check whether the tag with specific attributes exists in the response data  	[MsgId: MERR-35048]
Action.c(53): Continuing after Error -26366: "Text=welcome to your personal booking area" not found for web_reg_find  	[MsgId: MERR-26366]
Action.c(67): Continuing after Error -26366: "Text=Find Flight(s)" not found for web_reg_find  	[MsgId: MERR-26366]
Action.c(85): Continuing after Error -26366: "Text=Find Flight Time" not found for web_reg_find  	[MsgId: MERR-26366]
Action.c(112): Continuing after Error -26366: "Text=Payment Details" not found for web_reg_find  	[MsgId: MERR-26366]
Action.c(128): Continuing after Error -26366: "Text=Invoice" not found for web_reg_find  	[MsgId: MERR-26366]
Action.c(143): Continuing after Error -26366: "Text=Itinerary" not found for web_reg_find  	[MsgId: MERR-26366]
Action.c(161): Continuing after Error -26366: "Text=Number of Flight Bookings: 0" not found for web_reg_find  	[MsgId: MERR-26366]
Action.c(25): Continuing after Error -26366: "Text=Password:" not found for web_reg_find  	[MsgId: MERR-26366]
Action.c(53): Continuing after Error -35048: No match found for the requested parameter "SESSIONID". Check whether the tag with specific attributes exists in the response data  	[MsgId: MERR-35048]
Action.c(53): Continuing after Error -26366: "Text=welcome to your personal booking area" not found for web_reg_find  	[MsgId: MERR-26366]
Action.c(67): Continuing after Error -26366: "Text=Find Flight(s)" not found for web_reg_find  	[MsgId: MERR-26366]
Action.c(85): Continuing after Error -26366: "Text=Find Flight Time" not found for web_reg_find  	[MsgId: MERR-26366]
Action.c(112): Continuing after Error -26366: "Text=Payment Details" not found for web_reg_find  	[MsgId: MERR-26366]
Action.c(128): Continuing after Error -26366: "Text=Invoice" not found for web_reg_find  	[MsgId: MERR-26366]
Action.c(143): Continuing after Error -26366: "Text=Itinerary" not found for web_reg_find  	[MsgId: MERR-26366]
Action.c(161): Continuing after Error -26366: "Text=Number of Flight Bookings: 0" not found for web_reg_find  	[MsgId: MERR-26366]
Action.c(25): Continuing after Error -26366: "Text=Password:" not found for web_reg_find  	[MsgId: MERR-26366]
Action.c(53): Continuing after Error -35048: No match found for the requested parameter "SESSIONID". Check whether the tag with specific attributes exists in the response data  	[MsgId: MERR-35048]
Action.c(53): Continuing after Error -26366: "Text=welcome to your personal booking area" not found for web_reg_find  	[MsgId: MERR-26366]
Action.c(67): Continuing after Error -26366: "Text=Find Flight(s)" not found for web_reg_find  	[MsgId: MERR-26366]
Action.c(85): Continuing after Error -26366: "Text=Find Flight Time" not found for web_reg_find  	[MsgId: MERR-26366]
Action.c(112): Continuing after Error -26366: "Text=Payment Details" not found for web_reg_find  	[MsgId: MERR-26366]
Action.c(128): Continuing after Error -26366: "Text=Invoice" not found for web_reg_find  	[MsgId: MERR-26366]
Action.c(143): Continuing after Error -26366: "Text=Itinerary" not found for web_reg_find  	[MsgId: MERR-26366]
Action.c(161): Continuing after Error -26366: "Text=Number of Flight Bookings: 0" not found for web_reg_find  	[MsgId: MERR-26366]
Action.c(25): Continuing after Error -26366: "Text=Password:" not found for web_reg_find  	[MsgId: MERR-26366]
Action.c(53): Continuing after Error -35048: No match found for the requested parameter "SESSIONID". Check whether the tag with specific attributes exists in the response data  	[MsgId: MERR-35048]
Action.c(53): Continuing after Error -26366: "Text=welcome to your personal booking area" not found for web_reg_find  	[MsgId: MERR-26366]
Action.c(67): Continuing after Error -26366: "Text=Find Flight(s)" not found for web_reg_find  	[MsgId: MERR-26366]
Action.c(85): Continuing after Error -26366: "Text=Find Flight Time" not found for web_reg_find  	[MsgId: MERR-26366]
Action.c(112): Continuing after Error -26366: "Text=Payment Details" not found for web_reg_find  	[MsgId: MERR-26366]
Action.c(128): Continuing after Error -26366: "Text=Invoice" not found for web_reg_find  	[MsgId: MERR-26366]
Action.c(143): Continuing after Error -26366: "Text=Itinerary" not found for web_reg_find  	[MsgId: MERR-26366]
Action.c(161): Continuing after Error -26366: "Text=Number of Flight Bookings: 0" not found for web_reg_find  	[MsgId: MERR-26366]
Action.c(25): Continuing after Error -26366: "Text=Password:" not found for web_reg_find  	[MsgId: MERR-26366]
Action.c(53): Continuing after Error -35048: No match found for the requested parameter "SESSIONID". Check whether the tag with specific attributes exists in the response data  	[MsgId: MERR-35048]
Action.c(53): Continuing after Error -26366: "Text=welcome to your personal booking area" not found for web_reg_find  	[MsgId: MERR-26366]
Action.c(67): Continuing after Error -26366: "Text=Find Flight(s)" not found for web_reg_find  	[MsgId: MERR-26366]
Action.c(85): Continuing after Error -26366: "Text=Find Flight Time" not found for web_reg_find  	[MsgId: MERR-26366]
Action.c(112): Continuing after Error -26366: "Text=Payment Details" not found for web_reg_find  	[MsgId: MERR-26366]
Action.c(128): Continuing after Error -26366: "Text=Invoice" not found for web_reg_find  	[MsgId: MERR-26366]
Action.c(143): Continuing after Error -26366: "Text=Itinerary" not found for web_reg_find  	[MsgId: MERR-26366]
Action.c(161): Continuing after Error -26366: "Text=Number of Flight Bookings: 0" not found for web_reg_find  	[MsgId: MERR-26366]
Action.c(25): Continuing after Error -26366: "Text=Password:" not found for web_reg_find  	[MsgId: MERR-26366]
Action.c(53): Continuing after Error -35048: No match found for the requested parameter "SESSIONID". Check whether the tag with specific attributes exists in the response data  	[MsgId: MERR-35048]
Action.c(53): Continuing after Error -26366: "Text=welcome to your personal booking area" not found for web_reg_find  	[MsgId: MERR-26366]
Action.c(67): Continuing after Error -26366: "Text=Find Flight(s)" not found for web_reg_find  	[MsgId: MERR-26366]
Action.c(85): Continuing after Error -26366: "Text=Find Flight Time" not found for web_reg_find  	[MsgId: MERR-26366]
Action.c(112): Continuing after Error -26366: "Text=Payment Details" not found for web_reg_find  	[MsgId: MERR-26366]
Action.c(128): Continuing after Error -26366: "Text=Invoice" not found for web_reg_find  	[MsgId: MERR-26366]
Action.c(143): Continuing after Error -26366: "Text=Itinerary" not found for web_reg_find  	[MsgId: MERR-26366]
Action.c(161): Continuing after Error -26366: "Text=Number of Flight Bookings: 0" not found for web_reg_find  	[MsgId: MERR-26366]
Action.c(25): Continuing after Error -26366: "Text=Password:" not found for web_reg_find  	[MsgId: MERR-26366]
Action.c(53): Continuing after Error -35048: No match found for the requested parameter "SESSIONID". Check whether the tag with specific attributes exists in the response data  	[MsgId: MERR-35048]
Action.c(53): Continuing after Error -26366: "Text=welcome to your personal booking area" not found for web_reg_find  	[MsgId: MERR-26366]
Action.c(67): Continuing after Error -26366: "Text=Find Flight(s)" not found for web_reg_find  	[MsgId: MERR-26366]
Action.c(85): Continuing after Error -26366: "Text=Find Flight Time" not found for web_reg_find  	[MsgId: MERR-26366]
Action.c(112): Continuing after Error -26366: "Text=Payment Details" not found for web_reg_find  	[MsgId: MERR-26366]
Action.c(128): Continuing after Error -26366: "Text=Invoice" not found for web_reg_find  	[MsgId: MERR-26366]
Action.c(143): Continuing after Error -26366: "Text=Itinerary" not found for web_reg_find  	[MsgId: MERR-26366]
Action.c(161): Continuing after Error -26366: "Text=Number of Flight Bookings: 0" not found for web_reg_find  	[MsgId: MERR-26366]
Action.c(25): Continuing after Error -26366: "Text=Password:" not found for web_reg_find  	[MsgId: MERR-26366]
Action.c(53): Continuing after Error -35048: No match found for the requested parameter "SESSIONID". Check whether the tag with specific attributes exists in the response data  	[MsgId: MERR-35048]
Action.c(53): Continuing after Error -26366: "Text=welcome to your personal booking area" not found for web_reg_find  	[MsgId: MERR-26366]
Action.c(67): Continuing after Error -26366: "Text=Find Flight(s)" not found for web_reg_find  	[MsgId: MERR-26366]
Action.c(85): Continuing after Error -26366: "Text=Find Flight Time" not found for web_reg_find  	[MsgId: MERR-26366]
Action.c(112): Continuing after Error -26366: "Text=Payment Details" not found for web_reg_find  	[MsgId: MERR-26366]
Action.c(128): Continuing after Error -26366: "Text=Invoice" not found for web_reg_find  	[MsgId: MERR-26366]
Action.c(143): Continuing after Error -26366: "Text=Itinerary" not found for web_reg_find  	[MsgId: MERR-26366]
Action.c(161): Continuing after Error -26366: "Text=Number of Flight Bookings: 0" not found for web_reg_find  	[MsgId: MERR-26366]
Action.c(25): Continuing after Error -26366: "Text=Password:" not found for web_reg_find  	[MsgId: MERR-26366]
Action.c(53): Continuing after Error -35048: No match found for the requested parameter "SESSIONID". Check whether the tag with specific attributes exists in the response data  	[MsgId: MERR-35048]
Action.c(53): Continuing after Error -26366: "Text=welcome to your personal booking area" not found for web_reg_find  	[MsgId: MERR-26366]
Action.c(67): Continuing after Error -26366: "Text=Find Flight(s)" not found for web_reg_find  	[MsgId: MERR-26366]
Action.c(85): Continuing after Error -26366: "Text=Find Flight Time" not found for web_reg_find  	[MsgId: MERR-26366]
Action.c(112): Continuing after Error -26366: "Text=Payment Details" not found for web_reg_find  	[MsgId: MERR-26366]
Action.c(128): Continuing after Error -26366: "Text=Invoice" not found for web_reg_find  	[MsgId: MERR-26366]
Action.c(143): Continuing after Error -26366: "Text=Itinerary" not found for web_reg_find  	[MsgId: MERR-26366]
Action.c(161): Continuing after Error -26366: "Text=Number of Flight Bookings: 0" not found for web_reg_find  	[MsgId: MERR-26366]
Action.c(25): Continuing after Error -26366: "Text=Password:" not found for web_reg_find  	[MsgId: MERR-26366]
Action.c(53): Continuing after Error -35048: No match found for the requested parameter "SESSIONID". Check whether the tag with specific attributes exists in the response data  	[MsgId: MERR-35048]
Action.c(53): Continuing after Error -26366: "Text=welcome to your personal booking area" not found for web_reg_find  	[MsgId: MERR-26366]
Action.c(67): Continuing after Error -26366: "Text=Find Flight(s)" not found for web_reg_find  	[MsgId: MERR-26366]
Action.c(85): Continuing after Error -26366: "Text=Find Flight Time" not found for web_reg_find  	[MsgId: MERR-26366]
Action.c(112): Continuing after Error -26366: "Text=Payment Details" not found for web_reg_find  	[MsgId: MERR-26366]
Action.c(128): Continuing after Error -26366: "Text=Invoice" not found for web_reg_find  	[MsgId: MERR-26366]
Action.c(143): Continuing after Error -26366: "Text=Itinerary" not found for web_reg_find  	[MsgId: MERR-26366]
Action.c(161): Continuing after Error -26366: "Text=Number of Flight Bookings: 0" not found for web_reg_find  	[MsgId: MERR-26366]
Action.c(25): Continuing after Error -26366: "Text=Password:" not found for web_reg_find  	[MsgId: MERR-26366]
Action.c(53): Continuing after Error -35048: No match found for the requested parameter "SESSIONID". Check whether the tag with specific attributes exists in the response data  	[MsgId: MERR-35048]
Action.c(53): Continuing after Error -26366: "Text=welcome to your personal booking area" not found for web_reg_find  	[MsgId: MERR-26366]
Action.c(67): Continuing after Error -26366: "Text=Find Flight(s)" not found for web_reg_find  	[MsgId: MERR-26366]
Action.c(85): Continuing after Error -26366: "Text=Find Flight Time" not found for web_reg_find  	[MsgId: MERR-26366]
Action.c(112): Continuing after Error -26366: "Text=Payment Details" not found for web_reg_find  	[MsgId: MERR-26366]
Action.c(128): Continuing after Error -26366: "Text=Invoice" not found for web_reg_find  	[MsgId: MERR-26366]
Action.c(143): Continuing after Error -26366: "Text=Itinerary" not found for web_reg_find  	[MsgId: MERR-26366]
Action.c(161): Continuing after Error -26366: "Text=Number of Flight Bookings: 0" not found for web_reg_find  	[MsgId: MERR-26366]
Action.c(25): Continuing after Error -26366: "Text=Password:" not found for web_reg_find  	[MsgId: MERR-26366]
Action.c(53): Continuing after Error -35048: No match found for the requested parameter "SESSIONID". Check whether the tag with specific attributes exists in the response data  	[MsgId: MERR-35048]
Action.c(53): Continuing after Error -26366: "Text=welcome to your personal booking area" not found for web_reg_find  	[MsgId: MERR-26366]
Action.c(67): Continuing after Error -26366: "Text=Find Flight(s)" not found for web_reg_find  	[MsgId: MERR-26366]
Action.c(85): Continuing after Error -26366: "Text=Find Flight Time" not found for web_reg_find  	[MsgId: MERR-26366]
Action.c(112): Continuing after Error -26366: "Text=Payment Details" not found for web_reg_find  	[MsgId: MERR-26366]
Action.c(128): Continuing after Error -26366: "Text=Invoice" not found for web_reg_find  	[MsgId: MERR-26366]
Action.c(143): Continuing after Error -26366: "Text=Itinerary" not found for web_reg_find  	[MsgId: MERR-26366]
Action.c(161): Continuing after Error -26366: "Text=Number of Flight Bookings: 0" not found for web_reg_find  	[MsgId: MERR-26366]
Action.c(25): Continuing after Error -26366: "Text=Password:" not found for web_reg_find  	[MsgId: MERR-26366]
Action.c(53): Continuing after Error -35048: No match found for the requested parameter "SESSIONID". Check whether the tag with specific attributes exists in the response data  	[MsgId: MERR-35048]
Action.c(53): Continuing after Error -26366: "Text=welcome to your personal booking area" not found for web_reg_find  	[MsgId: MERR-26366]
Action.c(67): Continuing after Error -26366: "Text=Find Flight(s)" not found for web_reg_find  	[MsgId: MERR-26366]
Action.c(85): Continuing after Error -26366: "Text=Find Flight Time" not found for web_reg_find  	[MsgId: MERR-26366]
Action.c(112): Continuing after Error -26366: "Text=Payment Details" not found for web_reg_find  	[MsgId: MERR-26366]
Action.c(128): Continuing after Error -26366: "Text=Invoice" not found for web_reg_find  	[MsgId: MERR-26366]
Action.c(143): Continuing after Error -26366: "Text=Itinerary" not found for web_reg_find  	[MsgId: MERR-26366]
Action.c(161): Continuing after Error -26366: "Text=Number of Flight Bookings: 0" not found for web_reg_find  	[MsgId: MERR-26366]
Action.c(25): Continuing after Error -26366: "Text=Password:" not found for web_reg_find  	[MsgId: MERR-26366]
Action.c(53): Continuing after Error -35048: No match found for the requested parameter "SESSIONID". Check whether the tag with specific attributes exists in the response data  	[MsgId: MERR-35048]
Action.c(53): Continuing after Error -26366: "Text=welcome to your personal booking area" not found for web_reg_find  	[MsgId: MERR-26366]
Action.c(67): Continuing after Error -26366: "Text=Find Flight(s)" not found for web_reg_find  	[MsgId: MERR-26366]
Action.c(85): Continuing after Error -26366: "Text=Find Flight Time" not found for web_reg_find  	[MsgId: MERR-26366]
Action.c(112): Continuing after Error -26366: "Text=Payment Details" not found for web_reg_find  	[MsgId: MERR-26366]
Action.c(128): Continuing after Error -26366: "Text=Invoice" not found for web_reg_find  	[MsgId: MERR-26366]
Action.c(143): Continuing after Error -26366: "Text=Itinerary" not found for web_reg_find  	[MsgId: MERR-26366]
Action.c(161): Continuing after Error -26366: "Text=Number of Flight Bookings: 0" not found for web_reg_find  	[MsgId: MERR-26366]
Action.c(25): Continuing after Error -26366: "Text=Password:" not found for web_reg_find  	[MsgId: MERR-26366]
Action.c(53): Continuing after Error -35048: No match found for the requested parameter "SESSIONID". Check whether the tag with specific attributes exists in the response data  	[MsgId: MERR-35048]
Action.c(53): Continuing after Error -26366: "Text=welcome to your personal booking area" not found for web_reg_find  	[MsgId: MERR-26366]
Action.c(67): Continuing after Error -26366: "Text=Find Flight(s)" not found for web_reg_find  	[MsgId: MERR-26366]
Action.c(85): Continuing after Error -26366: "Text=Find Flight Time" not found for web_reg_find  	[MsgId: MERR-26366]
Action.c(112): Continuing after Error -26366: "Text=Payment Details" not found for web_reg_find  	[MsgId: MERR-26366]
Action.c(128): Continuing after Error -26366: "Text=Invoice" not found for web_reg_find  	[MsgId: MERR-26366]
Action.c(143): Continuing after Error -26366: "Text=Itinerary" not found for web_reg_find  	[MsgId: MERR-26366]
Action.c(161): Continuing after Error -26366: "Text=Number of Flight Bookings: 0" not found for web_reg_find  	[MsgId: MERR-26366]
Action.c(25): Continuing after Error -26366: "Text=Password:" not found for web_reg_find  	[MsgId: MERR-26366]
Action.c(53): Continuing after Error -35048: No match found for the requested parameter "SESSIONID". Check whether the tag with specific attributes exists in the response data  	[MsgId: MERR-35048]
Action.c(53): Continuing after Error -26366: "Text=welcome to your personal booking area" not found for web_reg_find  	[MsgId: MERR-26366]
Action.c(67): Continuing after Error -26366: "Text=Find Flight(s)" not found for web_reg_find  	[MsgId: MERR-26366]
Action.c(85): Continuing after Error -26366: "Text=Find Flight Time" not found for web_reg_find  	[MsgId: MERR-26366]
Action.c(112): Continuing after Error -26366: "Text=Payment Details" not found for web_reg_find  	[MsgId: MERR-26366]
Action.c(128): Continuing after Error -26366: "Text=Invoice" not found for web_reg_find  	[MsgId: MERR-26366]
Action.c(143): Continuing after Error -26366: "Text=Itinerary" not found for web_reg_find  	[MsgId: MERR-26366]
Action.c(161): Continuing after Error -26366: "Text=Number of Flight Bookings: 0" not found for web_reg_find  	[MsgId: MERR-26366]
Action.c(25): Continuing after Error -26366: "Text=Password:" not found for web_reg_find  	[MsgId: MERR-26366]
Action.c(53): Continuing after Error -35048: No match found for the requested parameter "SESSIONID". Check whether the tag with specific attributes exists in the response data  	[MsgId: MERR-35048]
Action.c(53): Continuing after Error -26366: "Text=welcome to your personal booking area" not found for web_reg_find  	[MsgId: MERR-26366]
Action.c(67): Continuing after Error -26366: "Text=Find Flight(s)" not found for web_reg_find  	[MsgId: MERR-26366]
Action.c(85): Continuing after Error -26366: "Text=Find Flight Time" not found for web_reg_find  	[MsgId: MERR-26366]
Action.c(112): Continuing after Error -26366: "Text=Payment Details" not found for web_reg_find  	[MsgId: MERR-26366]
Action.c(128): Continuing after Error -26366: "Text=Invoice" not found for web_reg_find  	[MsgId: MERR-26366]
Action.c(143): Continuing after Error -26366: "Text=Itinerary" not found for web_reg_find  	[MsgId: MERR-26366]
Action.c(161): Continuing after Error -26366: "Text=Number of Flight Bookings: 0" not found for web_reg_find  	[MsgId: MERR-26366]
Action.c(25): Continuing after Error -26366: "Text=Password:" not found for web_reg_find  	[MsgId: MERR-26366]
Action.c(53): Continuing after Error -35048: No match found for the requested parameter "SESSIONID". Check whether the tag with specific attributes exists in the response data  	[MsgId: MERR-35048]
Action.c(53): Continuing after Error -26366: "Text=welcome to your personal booking area" not found for web_reg_find  	[MsgId: MERR-26366]
Action.c(67): Continuing after Error -26366: "Text=Find Flight(s)" not found for web_reg_find  	[MsgId: MERR-26366]
Action.c(85): Continuing after Error -26366: "Text=Find Flight Time" not found for web_reg_find  	[MsgId: MERR-26366]
Action.c(112): Continuing after Error -26366: "Text=Payment Details" not found for web_reg_find  	[MsgId: MERR-26366]
Action.c(128): Continuing after Error -26366: "Text=Invoice" not found for web_reg_find  	[MsgId: MERR-26366]
Action.c(143): Continuing after Error -26366: "Text=Itinerary" not found for web_reg_find  	[MsgId: MERR-26366]
Action.c(161): Continuing after Error -26366: "Text=Number of Flight Bookings: 0" not found for web_reg_find  	[MsgId: MERR-26366]
Action.c(25): Continuing after Error -26366: "Text=Password:" not found for web_reg_find  	[MsgId: MERR-26366]
Action.c(53): Continuing after Error -35048: No match found for the requested parameter "SESSIONID". Check whether the tag with specific attributes exists in the response data  	[MsgId: MERR-35048]
Action.c(53): Continuing after Error -26366: "Text=welcome to your personal booking area" not found for web_reg_find  	[MsgId: MERR-26366]
Action.c(67): Continuing after Error -26366: "Text=Find Flight(s)" not found for web_reg_find  	[MsgId: MERR-26366]
Action.c(85): Continuing after Error -26366: "Text=Find Flight Time" not found for web_reg_find  	[MsgId: MERR-26366]
Action.c(112): Continuing after Error -26366: "Text=Payment Details" not found for web_reg_find  	[MsgId: MERR-26366]
Action.c(128): Continuing after Error -26366: "Text=Invoice" not found for web_reg_find  	[MsgId: MERR-26366]
Action.c(143): Continuing after Error -26366: "Text=Itinerary" not found for web_reg_find  	[MsgId: MERR-26366]
Action.c(161): Continuing after Error -26366: "Text=Number of Flight Bookings: 0" not found for web_reg_find  	[MsgId: MERR-26366]
Action.c(25): Continuing after Error -26366: "Text=Password:" not found for web_reg_find  	[MsgId: MERR-26366]
Action.c(53): Continuing after Error -35048: No match found for the requested parameter "SESSIONID". Check whether the tag with specific attributes exists in the response data  	[MsgId: MERR-35048]
Action.c(53): Continuing after Error -26366: "Text=welcome to your personal booking area" not found for web_reg_find  	[MsgId: MERR-26366]
Action.c(67): Continuing after Error -26366: "Text=Find Flight(s)" not found for web_reg_find  	[MsgId: MERR-26366]
Action.c(85): Continuing after Error -26366: "Text=Find Flight Time" not found for web_reg_find  	[MsgId: MERR-26366]
Action.c(112): Continuing after Error -26366: "Text=Payment Details" not found for web_reg_find  	[MsgId: MERR-26366]
Action.c(128): Continuing after Error -26366: "Text=Invoice" not found for web_reg_find  	[MsgId: MERR-26366]
Action.c(143): Continuing after Error -26366: "Text=Itinerary" not found for web_reg_find  	[MsgId: MERR-26366]
Action.c(161): Continuing after Error -26366: "Text=Number of Flight Bookings: 0" not found for web_reg_find  	[MsgId: MERR-26366]
Action.c(25): Continuing after Error -26366: "Text=Password:" not found for web_reg_find  	[MsgId: MERR-26366]
Action.c(53): Continuing after Error -35048: No match found for the requested parameter "SESSIONID". Check whether the tag with specific attributes exists in the response data  	[MsgId: MERR-35048]
Action.c(53): Continuing after Error -26366: "Text=welcome to your personal booking area" not found for web_reg_find  	[MsgId: MERR-26366]
Action.c(67): Continuing after Error -26366: "Text=Find Flight(s)" not found for web_reg_find  	[MsgId: MERR-26366]
Action.c(85): Continuing after Error -26366: "Text=Find Flight Time" not found for web_reg_find  	[MsgId: MERR-26366]
Action.c(112): Continuing after Error -26366: "Text=Payment Details" not found for web_reg_find  	[MsgId: MERR-26366]
Action.c(128): Continuing after Error -26366: "Text=Invoice" not found for web_reg_find  	[MsgId: MERR-26366]
Action.c(143): Continuing after Error -26366: "Text=Itinerary" not found for web_reg_find  	[MsgId: MERR-26366]
Action.c(161): Continuing after Error -26366: "Text=Number of Flight Bookings: 0" not found for web_reg_find  	[MsgId: MERR-26366]
Action.c(25): Continuing after Error -26366: "Text=Password:" not found for web_reg_find  	[MsgId: MERR-26366]
Action.c(53): Continuing after Error -35048: No match found for the requested parameter "SESSIONID". Check whether the tag with specific attributes exists in the response data  	[MsgId: MERR-35048]
Action.c(53): Continuing after Error -26366: "Text=welcome to your personal booking area" not found for web_reg_find  	[MsgId: MERR-26366]
Action.c(67): Continuing after Error -26366: "Text=Find Flight(s)" not found for web_reg_find  	[MsgId: MERR-26366]
Action.c(85): Continuing after Error -26366: "Text=Find Flight Time" not found for web_reg_find  	[MsgId: MERR-26366]
Action.c(112): Continuing after Error -26366: "Text=Payment Details" not found for web_reg_find  	[MsgId: MERR-26366]
Action.c(128): Continuing after Error -26366: "Text=Invoice" not found for web_reg_find  	[MsgId: MERR-26366]
Action.c(143): Continuing after Error -26366: "Text=Itinerary" not found for web_reg_find  	[MsgId: MERR-26366]
Action.c(161): Continuing after Error -26366: "Text=Number of Flight Bookings: 0" not found for web_reg_find  	[MsgId: MERR-26366]
Action.c(25): Continuing after Error -26366: "Text=Password:" not found for web_reg_find  	[MsgId: MERR-26366]
Action.c(53): Continuing after Error -35048: No match found for the requested parameter "SESSIONID". Check whether the tag with specific attributes exists in the response data  	[MsgId: MERR-35048]
Action.c(53): Continuing after Error -26366: "Text=welcome to your personal booking area" not found for web_reg_find  	[MsgId: MERR-26366]
Action.c(67): Continuing after Error -26366: "Text=Find Flight(s)" not found for web_reg_find  	[MsgId: MERR-26366]
Action.c(85): Continuing after Error -26366: "Text=Find Flight Time" not found for web_reg_find  	[MsgId: MERR-26366]
Action.c(112): Continuing after Error -26366: "Text=Payment Details" not found for web_reg_find  	[MsgId: MERR-26366]
Action.c(128): Continuing after Error -26366: "Text=Invoice" not found for web_reg_find  	[MsgId: MERR-26366]
Action.c(143): Continuing after Error -26366: "Text=Itinerary" not found for web_reg_find  	[MsgId: MERR-26366]
Action.c(161): Continuing after Error -26366: "Text=Number of Flight Bookings: 0" not found for web_reg_find  	[MsgId: MERR-26366]
Action.c(25): Continuing after Error -26366: "Text=Password:" not found for web_reg_find  	[MsgId: MERR-26366]
Action.c(53): Continuing after Error -35048: No match found for the requested parameter "SESSIONID". Check whether the tag with specific attributes exists in the response data  	[MsgId: MERR-35048]
Action.c(53): Continuing after Error -26366: "Text=welcome to your personal booking area" not found for web_reg_find  	[MsgId: MERR-26366]
Action.c(67): Continuing after Error -26366: "Text=Find Flight(s)" not found for web_reg_find  	[MsgId: MERR-26366]
Action.c(85): Continuing after Error -26366: "Text=Find Flight Time" not found for web_reg_find  	[MsgId: MERR-26366]
Action.c(112): Continuing after Error -26366: "Text=Payment Details" not found for web_reg_find  	[MsgId: MERR-26366]
Action.c(128): Continuing after Error -26366: "Text=Invoice" not found for web_reg_find  	[MsgId: MERR-26366]
Action.c(143): Continuing after Error -26366: "Text=Itinerary" not found for web_reg_find  	[MsgId: MERR-26366]
Action.c(161): Continuing after Error -26366: "Text=Number of Flight Bookings: 0" not found for web_reg_find  	[MsgId: MERR-26366]
Action.c(25): Continuing after Error -26366: "Text=Password:" not found for web_reg_find  	[MsgId: MERR-26366]
Action.c(53): Continuing after Error -35048: No match found for the requested parameter "SESSIONID". Check whether the tag with specific attributes exists in the response data  	[MsgId: MERR-35048]
Action.c(53): Continuing after Error -26366: "Text=welcome to your personal booking area" not found for web_reg_find  	[MsgId: MERR-26366]
Action.c(67): Continuing after Error -26366: "Text=Find Flight(s)" not found for web_reg_find  	[MsgId: MERR-26366]
Action.c(85): Continuing after Error -26366: "Text=Find Flight Time" not found for web_reg_find  	[MsgId: MERR-26366]
Action.c(112): Continuing after Error -26366: "Text=Payment Details" not found for web_reg_find  	[MsgId: MERR-26366]
Action.c(128): Continuing after Error -26366: "Text=Invoice" not found for web_reg_find  	[MsgId: MERR-26366]
Action.c(143): Continuing after Error -26366: "Text=Itinerary" not found for web_reg_find  	[MsgId: MERR-26366]
Action.c(161): Continuing after Error -26366: "Text=Number of Flight Bookings: 0" not found for web_reg_find  	[MsgId: MERR-26366]
Action.c(25): Continuing after Error -26366: "Text=Password:" not found for web_reg_find  	[MsgId: MERR-26366]
Action.c(53): Continuing after Error -35048: No match found for the requested parameter "SESSIONID". Check whether the tag with specific attributes exists in the response data  	[MsgId: MERR-35048]
Action.c(53): Continuing after Error -26366: "Text=welcome to your personal booking area" not found for web_reg_find  	[MsgId: MERR-26366]
Action.c(67): Continuing after Error -26366: "Text=Find Flight(s)" not found for web_reg_find  	[MsgId: MERR-26366]
Action.c(85): Continuing after Error -26366: "Text=Find Flight Time" not found for web_reg_find  	[MsgId: MERR-26366]
Action.c(112): Continuing after Error -26366: "Text=Payment Details" not found for web_reg_find  	[MsgId: MERR-26366]
Action.c(128): Continuing after Error -26366: "Text=Invoice" not found for web_reg_find  	[MsgId: MERR-26366]
Action.c(143): Continuing after Error -26366: "Text=Itinerary" not found for web_reg_find  	[MsgId: MERR-26366]
Action.c(161): Continuing after Error -26366: "Text=Number of Flight Bookings: 0" not found for web_reg_find  	[MsgId: MERR-26366]
Action.c(25): Continuing after Error -26366: "Text=Password:" not found for web_reg_find  	[MsgId: MERR-26366]
Action.c(53): Continuing after Error -35048: No match found for the requested parameter "SESSIONID". Check whether the tag with specific attributes exists in the response data  	[MsgId: MERR-35048]
Action.c(53): Continuing after Error -26366: "Text=welcome to your personal booking area" not found for web_reg_find  	[MsgId: MERR-26366]
Action.c(67): Continuing after Error -26366: "Text=Find Flight(s)" not found for web_reg_find  	[MsgId: MERR-26366]
Action.c(85): Continuing after Error -26366: "Text=Find Flight Time" not found for web_reg_find  	[MsgId: MERR-26366]
Action.c(112): Continuing after Error -26366: "Text=Payment Details" not found for web_reg_find  	[MsgId: MERR-26366]
Action.c(128): Continuing after Error -26366: "Text=Invoice" not found for web_reg_find  	[MsgId: MERR-26366]
Action.c(143): Continuing after Error -26366: "Text=Itinerary" not found for web_reg_find  	[MsgId: MERR-26366]
Action.c(161): Continuing after Error -26366: "Text=Number of Flight Bookings: 0" not found for web_reg_find  	[MsgId: MERR-26366]
Action.c(25): Continuing after Error -26366: "Text=Password:" not found for web_reg_find  	[MsgId: MERR-26366]
Action.c(53): Continuing after Error -35048: No match found for the requested parameter "SESSIONID". Check whether the tag with specific attributes exists in the response data  	[MsgId: MERR-35048]
Action.c(53): Continuing after Error -26366: "Text=welcome to your personal booking area" not found for web_reg_find  	[MsgId: MERR-26366]
Action.c(67): Continuing after Error -26366: "Text=Find Flight(s)" not found for web_reg_find  	[MsgId: MERR-26366]
Action.c(85): Continuing after Error -26366: "Text=Find Flight Time" not found for web_reg_find  	[MsgId: MERR-26366]
Action.c(112): Continuing after Error -26366: "Text=Payment Details" not found for web_reg_find  	[MsgId: MERR-26366]
Action.c(128): Continuing after Error -26366: "Text=Invoice" not found for web_reg_find  	[MsgId: MERR-26366]
Action.c(143): Continuing after Error -26366: "Text=Itinerary" not found for web_reg_find  	[MsgId: MERR-26366]
Action.c(161): Continuing after Error -26366: "Text=Number of Flight Bookings: 0" not found for web_reg_find  	[MsgId: MERR-26366]
Action.c(25): Continuing after Error -26366: "Text=Password:" not found for web_reg_find  	[MsgId: MERR-26366]
Action.c(53): Continuing after Error -35048: No match found for the requested parameter "SESSIONID". Check whether the tag with specific attributes exists in the response data  	[MsgId: MERR-35048]
Action.c(53): Continuing after Error -26366: "Text=welcome to your personal booking area" not found for web_reg_find  	[MsgId: MERR-26366]
Action.c(67): Continuing after Error -26366: "Text=Find Flight(s)" not found for web_reg_find  	[MsgId: MERR-26366]
Action.c(85): Continuing after Error -26366: "Text=Find Flight Time" not found for web_reg_find  	[MsgId: MERR-26366]
Action.c(112): Continuing after Error -26366: "Text=Payment Details" not found for web_reg_find  	[MsgId: MERR-26366]
Action.c(128): Continuing after Error -26366: "Text=Invoice" not found for web_reg_find  	[MsgId: MERR-26366]
Action.c(143): Continuing after Error -26366: "Text=Itinerary" not found for web_reg_find  	[MsgId: MERR-26366]
Action.c(161): Continuing after Error -26366: "Text=Number of Flight Bookings: 0" not found for web_reg_find  	[MsgId: MERR-26366]
Action.c(25): Continuing after Error -26366: "Text=Password:" not found for web_reg_find  	[MsgId: MERR-26366]
Action.c(53): Continuing after Error -35048: No match found for the requested parameter "SESSIONID". Check whether the tag with specific attributes exists in the response data  	[MsgId: MERR-35048]
Action.c(53): Continuing after Error -26366: "Text=welcome to your personal booking area" not found for web_reg_find  	[MsgId: MERR-26366]
Action.c(67): Continuing after Error -26366: "Text=Find Flight(s)" not found for web_reg_find  	[MsgId: MERR-26366]
Action.c(85): Continuing after Error -26366: "Text=Find Flight Time" not found for web_reg_find  	[MsgId: MERR-26366]
Action.c(112): Continuing after Error -26366: "Text=Payment Details" not found for web_reg_find  	[MsgId: MERR-26366]
Action.c(128): Continuing after Error -26366: "Text=Invoice" not found for web_reg_find  	[MsgId: MERR-26366]
Action.c(143): Continuing after Error -26366: "Text=Itinerary" not found for web_reg_find  	[MsgId: MERR-26366]
Action.c(161): Continuing after Error -26366: "Text=Number of Flight Bookings: 0" not found for web_reg_find  	[MsgId: MERR-26366]
