Start auto log messages stack - Iteration 297.	[MsgId: MMSG-10545]
Action.c(141): Registering web_reg_find was successful  	[MsgId: MMSG-26390]
Action.c(143): web_submit_data("itinerary.pl") started  	[MsgId: MMSG-26355]
Action.c(143): Registered web_reg_find successful for "Text=Itinerary" (count=3)  	[MsgId: MMSG-26364]
Action.c(143): web_submit_data("itinerary.pl") was successful, 3926 body bytes, 195 header bytes, 12 chunking overhead bytes  	[MsgId: MMSG-26385]
Action.c(155): Notify: Transaction "08_Itinerary" ended with a "Pass" status (Duration: 0,3937).	[MsgId: MMSG-16873]
Action.c(157): Notify: Transaction "09_RemoveAll" started.	[MsgId: MMSG-16999]
Action.c(159): web_reg_find started  	[MsgId: MMSG-26355]
Action.c(159): Registering web_reg_find was successful  	[MsgId: MMSG-26390]
Action.c(161): web_submit_data("itinerary.pl_2") started  	[MsgId: MMSG-26355]
Action.c(161): Error -26611: HTTP Status-Code=500 (Internal Server Error) for "http://127.0.0.1:8800/cgi-bin/itinerary.pl?ACTION=Remove+all&SESSIONID=ECF30576F2369848AAB470A1E176E16288DDD81F1E342A3743B5766ACC8AB8DBA2F29CF8"  	[MsgId: MERR-26611]
Action.c(161): Error -26366: "Text=Number of Flight Bookings: 0" not found for web_reg_find  	[MsgId: MERR-26366]
End auto log messages stack.	[MsgId: MMSG-10544]


Start auto log messages stack - Iteration 285.	[MsgId: MMSG-10545]
Action.c(65): Registering web_reg_find was successful  	[MsgId: MMSG-26390]
Action.c(67): web_submit_data("booking.pl") started  	[MsgId: MMSG-26355]
Action.c(67): Registered web_reg_find successful for "Text=Find Flight(s)" (count=1)  	[MsgId: MMSG-26364]
Action.c(67): web_submit_data("booking.pl") was successful, 7156 body bytes, 195 header bytes, 13 chunking overhead bytes  	[MsgId: MMSG-26385]
Action.c(79): Notify: Transaction "04_Booking" ended with a "Pass" status (Duration: 0,3946).	[MsgId: MMSG-16873]
Action.c(81): Notify: Transaction "05_FindFlights" started.	[MsgId: MMSG-16999]
Action.c(83): web_reg_find started  	[MsgId: MMSG-26355]
Action.c(83): Registering web_reg_find was successful  	[MsgId: MMSG-26390]
Action.c(85): web_submit_data("booking.pl_2") started  	[MsgId: MMSG-26355]
Action.c(85): Error -26611: HTTP Status-Code=500 (Internal Server Error) for "http://127.0.0.1:8800/cgi-bin/booking.pl?DEPARTCITYID=CGN&DEPARTDATE=29%2F08%2F2022&ARRIVECITYID=HAM&RETURNDATE=&PASSENGERS=1&PREFERENCEID=NONE&CLASSID=COACH&ACTION1=Next&SESSIONID=ECF30576F2369848AAB470A1E176E16288DDD81F10342A3743B5766ACC8AB9D9A2F29FFC"  	[MsgId: MERR-26611]
Action.c(85): Error -26366: "Text=Find Flight Time" not found for web_reg_find  	[MsgId: MERR-26366]
End auto log messages stack.	[MsgId: MMSG-10544]


Start auto log messages stack - Iteration 279.	[MsgId: MMSG-10545]
Action.c(83): Registering web_reg_find was successful  	[MsgId: MMSG-26390]
Action.c(85): web_submit_data("booking.pl_2") started  	[MsgId: MMSG-26355]
Action.c(85): Registered web_reg_find successful for "Text=Find Flight Time" (count=1)  	[MsgId: MMSG-26364]
Action.c(85): web_submit_data("booking.pl_2") was successful, 4467 body bytes, 195 header bytes, 13 chunking overhead bytes  	[MsgId: MMSG-26385]
Action.c(105): Notify: Transaction "05_FindFlights" ended with a "Pass" status (Duration: 0,1986).	[MsgId: MMSG-16873]
Action.c(108): Notify: Transaction "06_FindFlightTime" started.	[MsgId: MMSG-16999]
Action.c(110): web_reg_find started  	[MsgId: MMSG-26355]
Action.c(110): Registering web_reg_find was successful  	[MsgId: MMSG-26390]
Action.c(112): web_url("booking.pl_3") started  	[MsgId: MMSG-26355]
Action.c(112): Error -26611: HTTP Status-Code=500 (Internal Server Error) for "http://127.0.0.1:8800/cgi-bin/booking.pl?DEPARTFLIGHTID=BWA0001&ACTION2=Next&SESSIONID=ECF30576F2369848AAB470A1E176E16288DDD81F1F342A3743B5766ACC88B9D4A2F292F0"  	[MsgId: MERR-26611]
Action.c(112): Error -26366: "Text=Payment Details" not found for web_reg_find  	[MsgId: MERR-26366]
End auto log messages stack.	[MsgId: MMSG-10544]


